c:\users\dater\desktop\activedefense\activedefense\activedefense\debug\activedefense.pch
c:\users\dater\desktop\activedefense\activedefense\activedefense\debug\vc120.pdb
c:\users\dater\desktop\activedefense\activedefense\activedefense\debug\vc120.idb
c:\users\dater\desktop\activedefense\activedefense\activedefense\debug\stdafx.obj
c:\users\dater\desktop\activedefense\activedefense\activedefense\debug\activedefense.obj
c:\users\dater\desktop\activedefense\activedefense\activedefense\debug\activedefensedlg.obj
c:\users\dater\desktop\activedefense\activedefense\activedefense\debug\dledit.obj
c:\users\dater\desktop\activedefense\activedefense\activedefense\debug\trabutton.obj
c:\users\dater\desktop\activedefense\activedefense\debug\activedefense.ilk
c:\users\dater\desktop\activedefense\activedefense\debug\activedefense.exe
c:\users\dater\desktop\activedefense\activedefense\debug\activedefense.pdb
c:\users\dater\desktop\activedefense\activedefense\activedefense\debug\activedefense.res
c:\users\dater\desktop\activedefense\activedefense\activedefense\debug\activedefense.tlog\cl.command.1.tlog
c:\users\dater\desktop\activedefense\activedefense\activedefense\debug\activedefense.tlog\cl.read.1.tlog
c:\users\dater\desktop\activedefense\activedefense\activedefense\debug\activedefense.tlog\cl.write.1.tlog
c:\users\dater\desktop\activedefense\activedefense\activedefense\debug\activedefense.tlog\link.command.1.tlog
c:\users\dater\desktop\activedefense\activedefense\activedefense\debug\activedefense.tlog\link.read.1.tlog
c:\users\dater\desktop\activedefense\activedefense\activedefense\debug\activedefense.tlog\link.write.1.tlog
c:\users\dater\desktop\activedefense\activedefense\activedefense\debug\activedefense.tlog\rc.command.1.tlog
c:\users\dater\desktop\activedefense\activedefense\activedefense\debug\activedefense.tlog\rc.read.1.tlog
c:\users\dater\desktop\activedefense\activedefense\activedefense\debug\activedefense.tlog\rc.write.1.tlog
